<?xml version="1.0" encoding="UTF-8"?>
<testsuite xmlns:xsi="http://www.w3.org/2001/XMLSchema-instance" xsi:noNamespaceSchemaLocation="https://maven.apache.org/surefire/maven-surefire-plugin/xsd/surefire-test-report-3.0.xsd" version="3.0" name="com.pawel.sosin.model.ModelTest" time="0.328" tests="54" errors="0" skipped="0" failures="0">
  <properties>
[...]
</properties>
  <testcase name="testEncodingWithNoInput(String, int)[1]" classname="com.pawel.sosin.model.ModelTest" time="0.057"/>
  <testcase name="testEncodingWithNoInput(String, int)[2]" classname="com.pawel.sosin.model.ModelTest" time="0.002"/>
  <testcase name="testEncodingWithNoInput(String, int)[3]" classname="com.pawel.sosin.model.ModelTest" time="0.001"/>
  <testcase name="testEncodingWithNoInput(String, int)[4]" classname="com.pawel.sosin.model.ModelTest" time="0.001"/>
  <testcase name="testEncodingWithIncorrectTextInput(String, int)[1]" classname="com.pawel.sosin.model.ModelTest" time="0.002"/>
  <testcase name="testEncodingWithIncorrectTextInput(String, int)[2]" classname="com.pawel.sosin.model.ModelTest" time="0.002"/>
  <testcase name="testEncodingWithIncorrectTextInput(String, int)[3]" classname="com.pawel.sosin.model.ModelTest" time="0.002"/>
  <testcase name="testEncodingWithIncorrectTextInput(String, int)[4]" classname="com.pawel.sosin.model.ModelTest" time="0.001"/>
  <testcase name="testEncodingWithIncorrectTextInput(String, int)[5]" classname="com.pawel.sosin.model.ModelTest" time="0.001"/>
  <testcase name="testDecodingWithHighNumberOfRails(String, int, String)[1]" classname="com.pawel.sosin.model.ModelTest" time="0.008"/>
  <testcase name="testDecodingWithHighNumberOfRails(String, int, String)[2]" classname="com.pawel.sosin.model.ModelTest" time="0.001"/>
  <testcase name="testDecodingWithHighNumberOfRails(String, int, String)[3]" classname="com.pawel.sosin.model.ModelTest" time="0.0"/>
  <testcase name="testEncodingWithIncorrectNumberOfRails(String, int)[1]" classname="com.pawel.sosin.model.ModelTest" time="0.002"/>
  <testcase name="testEncodingWithIncorrectNumberOfRails(String, int)[2]" classname="com.pawel.sosin.model.ModelTest" time="0.002"/>
  <testcase name="testEncodingWithIncorrectNumberOfRails(String, int)[3]" classname="com.pawel.sosin.model.ModelTest" time="0.004"/>
  <testcase name="testEncodingWithIncorrectNumberOfRails(String, int)[4]" classname="com.pawel.sosin.model.ModelTest" time="0.002"/>
  <testcase name="testEncodingWithIncorrectNumberOfRails(String, int)[5]" classname="com.pawel.sosin.model.ModelTest" time="0.002"/>
  <testcase name="testDecodingWithNoInput(String, int)[1]" classname="com.pawel.sosin.model.ModelTest" time="0.002"/>
  <testcase name="testDecodingWithNoInput(String, int)[2]" classname="com.pawel.sosin.model.ModelTest" time="0.001"/>
  <testcase name="testDecodingWithNoInput(String, int)[3]" classname="com.pawel.sosin.model.ModelTest" time="0.001"/>
  <testcase name="testDecodingWithNoInput(String, int)[4]" classname="com.pawel.sosin.model.ModelTest" time="0.002"/>
  <testcase name="testDecodingWithTheNumberOfRailsEqualToTheTextLength(String, int, String)[1]" classname="com.pawel.sosin.model.ModelTest" time="0.004"/>
  <testcase name="testDecodingWithTheNumberOfRailsEqualToTheTextLength(String, int, String)[2]" classname="com.pawel.sosin.model.ModelTest" time="0.001"/>
  <testcase name="testDecodingWithTheNumberOfRailsEqualToTheTextLength(String, int, String)[3]" classname="com.pawel.sosin.model.ModelTest" time="0.001"/>
  <testcase name="testDecodingWithIncorrectTextInput(String, int)[1]" classname="com.pawel.sosin.model.ModelTest" time="0.001"/>
  <testcase name="testDecodingWithIncorrectTextInput(String, int)[2]" classname="com.pawel.sosin.model.ModelTest" time="0.001"/>
  <testcase name="testDecodingWithIncorrectTextInput(String, int)[3]" classname="com.pawel.sosin.model.ModelTest" time="0.002"/>
  <testcase name="testDecodingWithIncorrectTextInput(String, int)[4]" classname="com.pawel.sosin.model.ModelTest" time="0.001"/>
  <testcase name="testDecodingWithIncorrectTextInput(String, int)[5]" classname="com.pawel.sosin.model.ModelTest" time="0.001"/>
  <testcase name="testDecodingWithIncorrectNumberOfRails(String, int)[1]" classname="com.pawel.sosin.model.ModelTest" time="0.002"/>
  <testcase name="testDecodingWithIncorrectNumberOfRails(String, int)[2]" classname="com.pawel.sosin.model.ModelTest" time="0.0"/>
  <testcase name="testDecodingWithIncorrectNumberOfRails(String, int)[3]" classname="com.pawel.sosin.model.ModelTest" time="0.001"/>
  <testcase name="testDecodingWithIncorrectNumberOfRails(String, int)[4]" classname="com.pawel.sosin.model.ModelTest" time="0.001"/>
  <testcase name="testDecodingWithIncorrectNumberOfRails(String, int)[5]" classname="com.pawel.sosin.model.ModelTest" time="0.0"/>
  <testcase name="testDecodingWithSimpleInput(String, int, String)[1]" classname="com.pawel.sosin.model.ModelTest" time="0.001"/>
  <testcase name="testDecodingWithSimpleInput(String, int, String)[2]" classname="com.pawel.sosin.model.ModelTest" time="0.001"/>
  <testcase name="testDecodingWithSimpleInput(String, int, String)[3]" classname="com.pawel.sosin.model.ModelTest" time="0.001"/>
  <testcase name="testEncodingWithSimpleInput(String, int, String)[1]" classname="com.pawel.sosin.model.ModelTest" time="0.003"/>
  <testcase name="testEncodingWithSimpleInput(String, int, String)[2]" classname="com.pawel.sosin.model.ModelTest" time="0.002"/>
  <testcase name="testEncodingWithSimpleInput(String, int, String)[3]" classname="com.pawel.sosin.model.ModelTest" time="0.001"/>
  <testcase name="testEncodingWithOnlySpaces(String, int)[1]" classname="com.pawel.sosin.model.ModelTest" time="0.001"/>
  <testcase name="testEncodingWithOnlySpaces(String, int)[2]" classname="com.pawel.sosin.model.ModelTest" time="0.001"/>
  <testcase name="testEncodingWithOnlySpaces(String, int)[3]" classname="com.pawel.sosin.model.ModelTest" time="0.001"/>
  <testcase name="testEncodingWithOnlySpaces(String, int)[4]" classname="com.pawel.sosin.model.ModelTest" time="0.001"/>
  <testcase name="testEncodingWithTheNumberOfRailsEqualToTheTextLength(String, int, String)[1]" classname="com.pawel.sosin.model.ModelTest" time="0.001"/>
  <testcase name="testEncodingWithTheNumberOfRailsEqualToTheTextLength(String, int, String)[2]" classname="com.pawel.sosin.model.ModelTest" time="0.001"/>
  <testcase name="testEncodingWithTheNumberOfRailsEqualToTheTextLength(String, int, String)[3]" classname="com.pawel.sosin.model.ModelTest" time="0.001"/>
  <testcase name="testDecodingWithOnlySpaces(String, int)[1]" classname="com.pawel.sosin.model.ModelTest" time="0.002"/>
  <testcase name="testDecodingWithOnlySpaces(String, int)[2]" classname="com.pawel.sosin.model.ModelTest" time="0.001"/>
  <testcase name="testDecodingWithOnlySpaces(String, int)[3]" classname="com.pawel.sosin.model.ModelTest" time="0.001"/>
  <testcase name="testDecodingWithOnlySpaces(String, int)[4]" classname="com.pawel.sosin.model.ModelTest" time="0.001"/>
  <testcase name="testEncodingWithHighNumberOfRails(String, int, String)[1]" classname="com.pawel.sosin.model.ModelTest" time="0.001"/>
  <testcase name="testEncodingWithHighNumberOfRails(String, int, String)[2]" classname="com.pawel.sosin.model.ModelTest" time="0.002"/>
  <testcase name="testEncodingWithHighNumberOfRails(String, int, String)[3]" classname="com.pawel.sosin.model.ModelTest" time="0.002"/>
</testsuite>